
> sunrunr@0.0.0 start /home/ec2-user/SunRunr/SunRunr
> node ./bin/www "../serverLog"

[0mGET / [32m200 [0m7.374 ms - 1210[0m
[0mGET /stylesheets/style.css [32m200 [0m8.431 ms - 2761[0m
[0mGET /SignIn.js [33m404 [0m286.464 ms - 1729[0m

> sunrunr@0.0.0 start /home/ec2-user/SunRunr/SunRunr
> node ./bin/www "../serverLog"

[0mGET / [36m304 [0m5.153 ms - -[0m
[0mGET /stylesheets/style.css [36m304 [0m5.112 ms - -[0m
[0mGET /SignIn.js [33m404 [0m278.066 ms - 1729[0m

> sunrunr@0.0.0 start /home/ec2-user/SunRunr/SunRunr
> node ./bin/www "../serverLog"

[0mGET / [36m304 [0m5.729 ms - -[0m
[0mGET /SignIn.js [33m404 [0m294.143 ms - 1729[0m
[0mGET /stylesheets/style.css [36m304 [0m294.811 ms - -[0m

> sunrunr@0.0.0 start /home/ec2-user/SunRunr/SunRunr
> node ./bin/www "../serverLog"

[0mGET / [36m304 [0m5.529 ms - -[0m
[0mGET /stylesheets/style.css [36m304 [0m5.469 ms - -[0m
[0mGET /SignIn.js [33m404 [0m293.151 ms - 1729[0m
[0mGET /stylesheets/style.css [36m304 [0m1.862 ms - -[0m
[0mGET /SignIn.js [33m404 [0m14.932 ms - 1729[0m
[0mGET / [32m200 [0m18.587 ms - 1210[0m
[0mGET /stylesheets/style.css [36m304 [0m0.207 ms - -[0m
[0mGET /register.html [32m200 [0m0.694 ms - 1802[0m
[0mGET /stylesheets/style.css [36m304 [0m0.285 ms - -[0m
[0mGET /javascript/register.js [32m200 [0m0.395 ms - 1627[0m
[0mGET /index.html [32m200 [0m0.532 ms - 1210[0m
[0mGET /stylesheets/style.css [36m304 [0m0.325 ms - -[0m
[0mGET /SignIn.js [33m404 [0m10.322 ms - 1729[0m
[0mGET /register.html [36m304 [0m0.325 ms - -[0m
[0mGET /javascript/register.js [36m304 [0m0.568 ms - -[0m
[0mGET /stylesheets/style.css [36m304 [0m0.560 ms - -[0m
[0mGET /account.html [32m200 [0m0.504 ms - 983[0m
[0mGET /stylesheets/style.css [36m304 [0m0.300 ms - -[0m
[0mGET /javascript/account.js [32m200 [0m0.368 ms - 4075[0m
[0mGET /javascript/signOut.js [36m304 [0m0.249 ms - -[0m
[0mGET /index.html [36m304 [0m0.336 ms - -[0m
[0mGET /stylesheets/style.css [36m304 [0m0.580 ms - -[0m
[0mGET /SignIn.js [33m404 [0m10.579 ms - 1729[0m
[0mGET / [32m200 [0m0.445 ms - 1210[0m
[0mGET /stylesheets/style.css [32m200 [0m0.525 ms - 2761[0m
[0mGET /SignIn.js [33m404 [0m12.396 ms - 1729[0m
[0mGET /favicon.ico [33m404 [0m19.287 ms - 1729[0m
[0mGET / [32m200 [0m0.437 ms - 1210[0m
[0mGET /stylesheets/style.css [32m200 [0m0.458 ms - 2761[0m
[0mGET /SignIn.js [33m404 [0m14.392 ms - 1729[0m
[0mGET /favicon.ico [33m404 [0m12.655 ms - 1729[0m
[0mGET /account.html? [32m200 [0m0.512 ms - 983[0m
[0mGET /javascript/signOut.js [32m200 [0m0.465 ms - 157[0m
[0mGET /javascript/account.js [32m200 [0m0.369 ms - 4075[0m
[0mGET /stylesheets/style.css [36m304 [0m0.292 ms - -[0m
[0mGET /favicon.ico [33m404 [0m14.650 ms - 1729[0m
[0mGET /index.html [32m200 [0m0.482 ms - 1210[0m
[0mGET /stylesheets/style.css [36m304 [0m0.214 ms - -[0m
[0mGET /SignIn.js [33m404 [0m12.056 ms - 1729[0m
[0mGET /favicon.ico [33m404 [0m8.422 ms - 1729[0m
[0mGET /register.html [32m200 [0m0.425 ms - 1802[0m
[0mGET /javascript/register.js [32m200 [0m0.402 ms - 1627[0m
[0mGET /stylesheets/style.css [36m304 [0m0.210 ms - -[0m
[0mGET /favicon.ico [33m404 [0m7.698 ms - 1729[0m
[0mGET /account.html [32m200 [0m0.520 ms - 983[0m
[0mGET /stylesheets/style.css [36m304 [0m0.237 ms - -[0m
[0mGET /javascript/signOut.js [36m304 [0m0.451 ms - -[0m
[0mGET /javascript/account.js [36m304 [0m0.446 ms - -[0m
[0mGET /favicon.ico [33m404 [0m15.859 ms - 1729[0m
[0mGET /index.html [36m304 [0m0.308 ms - -[0m
[0mGET /SignIn.js [33m404 [0m10.728 ms - 1729[0m
[0mGET /stylesheets/style.css [36m304 [0m0.773 ms - -[0m
[0mGET / [36m304 [0m0.302 ms - -[0m
[0mGET /SignIn.js [33m404 [0m12.966 ms - 1729[0m
[0mGET /stylesheets/style.css [36m304 [0m0.256 ms - -[0m
[0mGET /favicon.ico [33m404 [0m6.716 ms - 1729[0m
[0mGET /javascript/account.js [36m304 [0m0.729 ms - -[0m
[0mGET /account.html? [36m304 [0m0.716 ms - -[0m
[0mGET /javascript/signOut.js [36m304 [0m0.665 ms - -[0m
[0mGET /stylesheets/style.css [36m304 [0m0.300 ms - -[0m
[0mGET /index.html [36m304 [0m0.294 ms - -[0m
[0mGET /stylesheets/style.css [36m304 [0m0.527 ms - -[0m
[0mGET /SignIn.js [33m404 [0m11.019 ms - 1729[0m
[0mGET /register.html [36m304 [0m0.293 ms - -[0m
[0mGET /javascript/register.js [36m304 [0m0.198 ms - -[0m
[0mGET /stylesheets/style.css [36m304 [0m0.287 ms - -[0m
[0mGET /account.html [36m304 [0m0.296 ms - -[0m
[0mGET /favicon.ico [33m404 [0m6.994 ms - 1729[0m
[0mGET /SignIn.js [33m404 [0m16.482 ms - 1729[0m
[0mGET /stylesheets/style.css [36m304 [0m0.277 ms - -[0m
[0mGET /javascript/signOut.js [36m304 [0m0.997 ms - -[0m
[0mGET /javascript/account.js [36m304 [0m0.487 ms - -[0m
[0mGET /index.html [36m304 [0m0.285 ms - -[0m
[0mGET /stylesheets/style.css [36m304 [0m0.291 ms - -[0m
[0mGET /account.html? [36m304 [0m0.276 ms - -[0m
[0mGET /stylesheets/style.css [36m304 [0m0.298 ms - -[0m
[0mGET /javascript/signOut.js [36m304 [0m0.361 ms - -[0m
[0mGET /javascript/account.js [36m304 [0m0.195 ms - -[0m
[0mGET /index.html [36m304 [0m0.304 ms - -[0m
[0mGET /stylesheets/style.css [36m304 [0m0.294 ms - -[0m
[0mGET /SignIn.js [33m404 [0m6.363 ms - 1729[0m
[0mGET /register.html [36m304 [0m0.291 ms - -[0m
[0mGET /javascript/register.js [36m304 [0m0.291 ms - -[0m
[0mGET /stylesheets/style.css [36m304 [0m0.219 ms - -[0m
[0mGET /account.html [36m304 [0m0.298 ms - -[0m
[0mGET /stylesheets/style.css [36m304 [0m0.545 ms - -[0m
[0mGET /javascript/signOut.js [36m304 [0m0.477 ms - -[0m
[0mGET /javascript/account.js [36m304 [0m0.290 ms - -[0m
[0mGET / [32m200 [0m0.443 ms - 1210[0m
[0mGET / [32m200 [0m0.420 ms - 1210[0m
[0mGET / [32m200 [0m0.434 ms - 1210[0m
[0mGET /v1/agent/self [33m404 [0m12.873 ms - 1729[0m
[0mGET / [32m200 [0m0.426 ms - 1210[0m
[0mGET / [32m200 [0m0.422 ms - 1210[0m
[0mGET /favicon.ico [33m404 [0m20.322 ms - 1729[0m
[0mGET / [32m200 [0m0.419 ms - 1210[0m
[0mGET /favicon.ico [33m404 [0m7.193 ms - 1729[0m
[0mGET / [32m200 [0m2.524 ms - 1210[0m
[0mGET /stylesheets/style.css [32m200 [0m0.943 ms - 2761[0m
[0mGET /SignIn.js [33m404 [0m20.559 ms - 1729[0m
[0mGET /favicon.ico [33m404 [0m8.736 ms - 1729[0m
[0mGET /register.html [32m200 [0m0.401 ms - 1802[0m
[0mGET /stylesheets/style.css [36m304 [0m0.337 ms - -[0m
[0mGET /javascript/register.js [32m200 [0m0.357 ms - 1627[0m
[0mGET / [32m200 [0m0.428 ms - 1210[0m
[0mGET / [32m200 [0m0.394 ms - 1210[0m
[0mGET /favicon.ico [33m404 [0m13.595 ms - 1729[0m
[0mGET / [32m200 [0m0.415 ms - 1210[0m
[0mGET /favicon.ico [33m404 [0m7.893 ms - 1729[0m
[0mGET /favicon.ico [33m404 [0m7.263 ms - 1729[0m
[0mGET / [32m200 [0m0.423 ms - 1210[0m
[0mGET /favicon.ico [33m404 [0m15.357 ms - 1729[0m
[0mGET /favicon.ico [33m404 [0m5.798 ms - 1729[0m
[0mGET / [32m200 [0m0.422 ms - 1210[0m
[0mGET /favicon.ico [33m404 [0m5.277 ms - 1729[0m
[0mGET / [32m200 [0m0.395 ms - 1210[0m
[0mGET / [32m200 [0m0.419 ms - 1210[0m
[0mGET /favicon.ico [33m404 [0m7.078 ms - 1729[0m
[0mGET / [32m200 [0m0.429 ms - 1210[0m
[0mGET /favicon.ico [33m404 [0m7.311 ms - 1729[0m
[0mGET / [32m200 [0m0.420 ms - 1210[0m
[0mGET / [32m200 [0m0.419 ms - 1210[0m
[0mGET / [32m200 [0m0.393 ms - 1210[0m
[0mGET /favicon.ico [33m404 [0m5.912 ms - 1729[0m
[0mGET /favicon.ico [33m404 [0m5.739 ms - 1729[0m
[0mGET /favicon.ico [33m404 [0m10.630 ms - 1729[0m
[0mGET /favicon.ico [33m404 [0m23.403 ms - 1729[0m
[0mGET / [32m200 [0m0.437 ms - 1210[0m
[0mGET / [32m200 [0m0.487 ms - 1210[0m
[0mGET / [32m200 [0m0.450 ms - 1210[0m
[0mGET /favicon.ico [33m404 [0m15.260 ms - 1729[0m
[0mGET / [32m200 [0m0.493 ms - 1210[0m
[0mGET / [32m200 [0m0.450 ms - 1210[0m
[0mGET / [32m200 [0m0.478 ms - 1210[0m
[0mGET /favicon.ico [33m404 [0m5.858 ms - 1729[0m
[0mGET /favicon.ico [33m404 [0m5.716 ms - 1729[0m
[0mGET / [32m200 [0m0.507 ms - 1210[0m
[0mGET / [32m200 [0m0.493 ms - 1210[0m
[0mGET / [32m200 [0m0.449 ms - 1210[0m
[0mGET /favicon.ico [33m404 [0m14.266 ms - 1729[0m
[0mGET / [32m200 [0m0.453 ms - 1210[0m
[0mGET / [32m200 [0m0.465 ms - 1210[0m
[0mGET / [32m200 [0m0.489 ms - 1210[0m
[0mGET / [32m200 [0m0.440 ms - 1210[0m
[0mGET / [32m200 [0m0.433 ms - 1210[0m
[0mGET /favicon.ico [33m404 [0m5.631 ms - 1729[0m
[0mGET /favicon.ico [33m404 [0m6.422 ms - 1729[0m
[0mGET / [32m200 [0m0.448 ms - 1210[0m
[0mGET /stylesheets/style.css [32m200 [0m0.453 ms - 2761[0m
[0mGET /SignIn.js [33m404 [0m11.392 ms - 1729[0m
[0mGET /favicon.ico [33m404 [0m5.733 ms - 1729[0m
[0mGET /favicon.ico [33m404 [0m5.781 ms - 1729[0m
[0mGET / [32m200 [0m0.437 ms - 1210[0m
[0mGET / [32m200 [0m0.473 ms - 1210[0m
[0mGET / [32m200 [0m0.421 ms - 1210[0m
[0mGET / [32m200 [0m0.465 ms - 1210[0m
[0mGET / [32m200 [0m0.439 ms - 1210[0m
[0mGET /favicon.ico [33m404 [0m9.900 ms - 1729[0m
[0mGET /favicon.ico [33m404 [0m5.610 ms - 1729[0m
[0mGET / [32m200 [0m0.468 ms - 1210[0m
[0mGET / [32m200 [0m0.475 ms - 1210[0m
[0mGET / [32m200 [0m0.464 ms - 1210[0m
[0mGET / [32m200 [0m0.476 ms - 1210[0m
[0mGET / [32m200 [0m0.455 ms - 1210[0m
[0mGET /favicon.ico [33m404 [0m5.112 ms - 1729[0m
[0mGET / [32m200 [0m0.449 ms - 1210[0m
[0mGET /favicon.ico [33m404 [0m6.185 ms - 1729[0m
[0mGET / [32m200 [0m0.478 ms - 1210[0m
[0mGET / [32m200 [0m0.464 ms - 1210[0m
[0mGET / [32m200 [0m0.463 ms - 1210[0m
[0mGET / [32m200 [0m0.467 ms - 1210[0m
[0mGET / [32m200 [0m0.482 ms - 1210[0m
[0mGET / [32m200 [0m0.477 ms - 1210[0m
[0mGET / [32m200 [0m0.489 ms - 1210[0m
[0mGET / [32m200 [0m0.505 ms - 1210[0m
[0mGET / [32m200 [0m0.498 ms - 1210[0m
[0mPOST /activity/activate [32m201 [0m45.952 ms - 85[0m
[0mPOST /activity/activate [32m201 [0m4.362 ms - 85[0m
[0mPOST /activity/activate [32m201 [0m4.096 ms - 85[0m
[0mGET / [32m200 [0m0.532 ms - 1210[0m
[0mGET / [32m200 [0m4.314 ms - 1210[0m
[0mGET / [32m200 [0m0.480 ms - 1210[0m
[0mGET / [32m200 [0m0.490 ms - 1210[0m
[0mGET / [32m200 [0m0.460 ms - 1210[0m
[0mGET /stylesheets/style.css [32m200 [0m1.540 ms - 2761[0m
[0mGET /SignIn.js [33m404 [0m5.653 ms - 1729[0m
[0mGET /favicon.ico [33m404 [0m10.313 ms - 1729[0m
[0mGET /register.html [32m200 [0m2.053 ms - 1802[0m
[0mGET /javascript/register.js [32m200 [0m1.100 ms - 1627[0m
[0mGET /stylesheets/style.css [36m304 [0m0.347 ms - -[0m
[0mGET /account.html [32m200 [0m1.096 ms - 983[0m
[0mGET /stylesheets/style.css [36m304 [0m0.340 ms - -[0m
[0mGET /javascript/account.js [32m200 [0m0.413 ms - 4075[0m
[0mGET /javascript/signOut.js [32m200 [0m3.867 ms - 157[0m
[0mGET /index.html [32m200 [0m0.477 ms - 1210[0m
[0mGET /stylesheets/style.css [36m304 [0m0.311 ms - -[0m
[0mGET /SignIn.js [33m404 [0m7.271 ms - 1729[0m
[0mGET /register.html [36m304 [0m0.317 ms - -[0m
[0mGET /javascript/register.js [36m304 [0m0.564 ms - -[0m
[0mGET /stylesheets/style.css [36m304 [0m0.547 ms - -[0m
[0mGET /register.html [32m200 [0m0.596 ms - 2879[0m
[0mGET /stylesheets/style.css [36m304 [0m0.362 ms - -[0m
[0mGET /javascript/register.js [32m200 [0m0.449 ms - 3328[0m
[0mGET /index.html [32m200 [0m0.523 ms - 2095[0m
[0mGET /holz/stylesheets/holz.css [33m404 [0m6.835 ms - 1729[0m
[0mGET /holz/javascripts/signin.js [33m404 [0m13.727 ms - 1729[0m
[0mGET /images/logo.png [33m404 [0m9.574 ms - 1729[0m
[0mGET /holz/stylesheets/holz.css [33m404 [0m5.392 ms - 1729[0m
[0mGET /holz/javascripts/signin.js [33m404 [0m9.732 ms - 1729[0m
[0mGET /register.html [36m304 [0m0.331 ms - -[0m
[0mGET /stylesheets/style.css [36m304 [0m0.339 ms - -[0m
[0mGET /javascript/register.js [36m304 [0m0.221 ms - -[0m
[0mGET /register.html [36m304 [0m0.297 ms - -[0m
[0mGET /stylesheets/style.css [36m304 [0m0.415 ms - -[0m
[0mGET /javascript/register.js [36m304 [0m0.289 ms - -[0m
